<?xml version="1.0" encoding="UTF-8"?>
<testng-results ignored="0" total="3" passed="3" failed="0" skipped="0">
  <reporter-output>
  </reporter-output>
  <suite started-at="2022-11-17T09:32:52 IST" name="Default suite" finished-at="2022-11-17T09:33:04 IST" duration-ms="12566">
    <groups>
    </groups>
    <test started-at="2022-11-17T09:32:52 IST" name="Default test" finished-at="2022-11-17T09:33:04 IST" duration-ms="12566">
      <class name="TestClassPackage.TestClassWithBase">
        <test-method is-config="true" signature="beforeClass()[pri:0, instance:TestClassPackage.TestClassWithBase@6580cfdd]" started-at="2022-11-17T09:32:52 IST" name="beforeClass" finished-at="2022-11-17T09:33:04 IST" duration-ms="12478" status="PASS">
          <reporter-output>
          </reporter-output>
        </test-method> <!-- beforeClass -->
        <test-method signature="TC01()[pri:0, instance:TestClassPackage.TestClassWithBase@6580cfdd]" started-at="2022-11-17T09:33:04 IST" name="TC01" finished-at="2022-11-17T09:33:04 IST" duration-ms="19" status="PASS">
          <reporter-output>
          </reporter-output>
        </test-method> <!-- TC01 -->
        <test-method signature="TC02()[pri:0, instance:TestClassPackage.TestClassWithBase@6580cfdd]" started-at="2022-11-17T09:33:04 IST" name="TC02" finished-at="2022-11-17T09:33:04 IST" duration-ms="5" status="PASS">
          <reporter-output>
          </reporter-output>
        </test-method> <!-- TC02 -->
        <test-method signature="TC03()[pri:0, instance:TestClassPackage.TestClassWithBase@6580cfdd]" started-at="2022-11-17T09:33:04 IST" name="TC03" finished-at="2022-11-17T09:33:04 IST" duration-ms="3" status="PASS">
          <reporter-output>
          </reporter-output>
        </test-method> <!-- TC03 -->
      </class> <!-- TestClassPackage.TestClassWithBase -->
    </test> <!-- Default test -->
  </suite> <!-- Default suite -->
</testng-results>
