<?xml version="1.0" encoding="UTF-8"?>
<testng-results ignored="0" total="1" passed="1" failed="0" skipped="0">
  <reporter-output>
  </reporter-output>
  <suite started-at="2022-10-15T23:22:25 IST" name="Default suite" finished-at="2022-10-15T23:23:28 IST" duration-ms="62871">
    <groups>
    </groups>
    <test started-at="2022-10-15T23:22:25 IST" name="Default test" finished-at="2022-10-15T23:23:28 IST" duration-ms="62871">
      <class name="Flipkart.TestClass">
        <test-method is-config="true" signature="beforeClass()[pri:0, instance:Flipkart.TestClass@48ae9b55]" started-at="2022-10-15T23:22:25 IST" name="beforeClass" finished-at="2022-10-15T23:22:58 IST" duration-ms="32672" status="PASS">
          <reporter-output>
          </reporter-output>
        </test-method> <!-- beforeClass -->
        <test-method is-config="true" signature="beforeMethod()[pri:0, instance:Flipkart.TestClass@48ae9b55]" started-at="2022-10-15T23:22:58 IST" name="beforeMethod" finished-at="2022-10-15T23:23:04 IST" duration-ms="6506" status="PASS">
          <reporter-output>
          </reporter-output>
        </test-method> <!-- beforeMethod -->
        <test-method signature="test()[pri:0, instance:Flipkart.TestClass@48ae9b55]" started-at="2022-10-15T23:23:04 IST" name="test" finished-at="2022-10-15T23:23:25 IST" duration-ms="20711" status="PASS">
          <reporter-output>
          </reporter-output>
        </test-method> <!-- test -->
        <test-method is-config="true" signature="afterMethod()[pri:0, instance:Flipkart.TestClass@48ae9b55]" started-at="2022-10-15T23:23:25 IST" name="afterMethod" finished-at="2022-10-15T23:23:28 IST" duration-ms="2647" status="PASS">
          <reporter-output>
          </reporter-output>
        </test-method> <!-- afterMethod -->
        <test-method is-config="true" signature="afterClass()[pri:0, instance:Flipkart.TestClass@48ae9b55]" started-at="2022-10-15T23:23:28 IST" name="afterClass" finished-at="2022-10-15T23:23:28 IST" duration-ms="301" status="PASS">
          <reporter-output>
          </reporter-output>
        </test-method> <!-- afterClass -->
      </class> <!-- Flipkart.TestClass -->
    </test> <!-- Default test -->
  </suite> <!-- Default suite -->
</testng-results>
