<?xml version="1.0" encoding="UTF-8"?>
<!-- Generated by org.testng.reporters.JUnitXMLReporter -->
<testsuite ignored="0" hostname="STARK" failures="0" tests="3" name="Default test" time="12.566" errors="0" timestamp="2022-11-17T09:33:04 IST">
  <testcase classname="TestClassPackage.TestClassWithBase" name="TC01" time="0.019"/>
  <testcase classname="TestClassPackage.TestClassWithBase" name="TC02" time="0.005"/>
  <testcase classname="TestClassPackage.TestClassWithBase" name="TC03" time="0.003"/>
</testsuite> <!-- Default test -->
